<?xml version="1.0" encoding="UTF-8"?>
<!-- Generated by org.testng.reporters.JUnitReportReporter -->
<testsuite hostname="DESKTOP-FOJQS9J" failures="0" tests="3" name="TestNGFeatures.Day1" time="0.001" errors="0" timestamp="2023-07-22T11:54:22 IST" skipped="3">
  <testcase classname="TestNGFeatures.Day1" name="Test5" time="0.000">
    <skipped/>
  </testcase> <!-- Test5 -->
  <testcase classname="TestNGFeatures.Day1" name="Test7" time="0.000">
    <skipped/>
  </testcase> <!-- Test7 -->
  <testcase classname="TestNGFeatures.Day1" name="Test1" time="0.001">
    <skipped/>
  </testcase> <!-- Test1 -->
</testsuite> <!-- TestNGFeatures.Day1 -->
