<?xml version="1.0" encoding="UTF-8"?>
<!-- Generated by org.testng.reporters.JUnitReportReporter -->
<testsuite hostname="DESKTOP-FOJQS9J" failures="0" tests="3" name="TestNGFeatures.Day2" time="0.000" errors="0" timestamp="2023-07-22T11:54:22 IST" skipped="3">
  <testcase classname="TestNGFeatures.Day2" name="Test3" time="0.000">
    <skipped/>
  </testcase> <!-- Test3 -->
  <testcase classname="TestNGFeatures.Day2" name="Test2" time="0.000">
    <skipped/>
  </testcase> <!-- Test2 -->
  <testcase classname="TestNGFeatures.Day2" name="Test1" time="0.000">
    <skipped/>
  </testcase> <!-- Test1 -->
</testsuite> <!-- TestNGFeatures.Day2 -->
