<?xml version="1.0" encoding="UTF-8"?>
<!-- Generated by org.testng.reporters.JUnitReportReporter -->
<testsuite hostname="DESKTOP-FOJQS9J" failures="0" tests="1" name="Elearning_project.LoginTestCase" time="0.001" errors="0" timestamp="2023-07-22T11:54:22 IST" skipped="1">
  <testcase classname="Elearning_project.LoginTestCase" name="profile" time="0.001">
    <skipped/>
  </testcase> <!-- profile -->
</testsuite> <!-- Elearning_project.LoginTestCase -->
