<?xml version="1.0" encoding="UTF-8"?>
<!-- Generated by org.testng.reporters.JUnitReportReporter -->
<testsuite hostname="DESKTOP-FOJQS9J" failures="0" tests="3" name="FailTestCaseExecution.Demo" time="0.001" errors="0" timestamp="2023-07-22T11:54:22 IST" skipped="3">
  <testcase classname="FailTestCaseExecution.Demo" name="Test1" time="0.001">
    <skipped/>
  </testcase> <!-- Test1 -->
  <testcase classname="FailTestCaseExecution.Demo" name="Test2" time="0.000">
    <skipped/>
  </testcase> <!-- Test2 -->
  <testcase classname="FailTestCaseExecution.Demo" name="Test3" time="0.000">
    <skipped/>
  </testcase> <!-- Test3 -->
</testsuite> <!-- FailTestCaseExecution.Demo -->
