<?xml version="1.0" encoding="UTF-8"?>
<!-- Generated by org.testng.reporters.JUnitReportReporter -->
<testsuite hostname="DESKTOP-FOJQS9J" failures="0" tests="3" name="Annotations.NewTest1" time="0.025" errors="0" timestamp="2023-07-22T12:01:02 IST" skipped="0">
  <testcase classname="Annotations.NewTest1" name="facebook" time="0.004"/>
  <testcase classname="Annotations.NewTest1" name="f" time="0.004"/>
  <testcase classname="Annotations.NewTest1" name="GoogleTest" time="0.017"/>
</testsuite> <!-- Annotations.NewTest1 -->
