<?xml version="1.0" encoding="UTF-8"?>
<!-- Generated by org.testng.reporters.JUnitReportReporter -->
<testsuite hostname="DESKTOP-FOJQS9J" failures="0" tests="3" name="DataProvider.SecondProgram2" time="0.000" errors="0" timestamp="2023-07-22T11:54:22 IST" skipped="3">
  <testcase classname="DataProvider.SecondProgram2" name="Logintest" time="0.000">
    <skipped/>
  </testcase> <!-- Logintest -->
  <testcase classname="DataProvider.SecondProgram2" name="Logintest" time="0.000">
    <skipped/>
  </testcase> <!-- Logintest -->
  <testcase classname="DataProvider.SecondProgram2" name="Logintest" time="0.000">
    <skipped/>
  </testcase> <!-- Logintest -->
</testsuite> <!-- DataProvider.SecondProgram2 -->
