<?xml version="1.0" encoding="UTF-8"?>
<!-- Generated by org.testng.reporters.JUnitReportReporter -->
<testsuite hostname="DESKTOP-FOJQS9J" failures="0" tests="2" name="Elearning_project.Khan_DragandDropTest" time="0.000" errors="0" timestamp="2023-07-22T11:54:22 IST" skipped="2">
  <testcase classname="Elearning_project.Khan_DragandDropTest" name="test" time="0.000">
    <skipped/>
  </testcase> <!-- test -->
  <testcase classname="Elearning_project.Khan_DragandDropTest" name="setup" time="0.000">
    <skipped/>
  </testcase> <!-- setup -->
</testsuite> <!-- Elearning_project.Khan_DragandDropTest -->
