<?xml version="1.0" encoding="UTF-8"?>
<!-- Generated by org.testng.reporters.JUnitReportReporter -->
<testsuite hostname="DESKTOP-FOJQS9J" failures="0" tests="1" name="Assertions.Hard_Assertion" time="0.002" errors="0" timestamp="2023-07-22T11:54:22 IST" skipped="1">
  <testcase classname="Assertions.Hard_Assertion" name="demo" time="0.002">
    <skipped/>
  </testcase> <!-- demo -->
</testsuite> <!-- Assertions.Hard_Assertion -->
