<?xml version="1.0" encoding="UTF-8"?>
<!-- Generated by org.testng.reporters.JUnitReportReporter -->
<testsuite hostname="DESKTOP-FOJQS9J" failures="0" tests="5" name="TestNGFeatures.Enabled1" time="0.000" errors="0" timestamp="2023-07-22T11:54:22 IST" skipped="5">
  <testcase classname="TestNGFeatures.Enabled1" name="Test1" time="0.000">
    <skipped/>
  </testcase> <!-- Test1 -->
  <testcase classname="TestNGFeatures.Enabled1" name="B" time="0.000">
    <skipped/>
  </testcase> <!-- B -->
  <testcase classname="TestNGFeatures.Enabled1" name="Test2" time="0.000">
    <skipped/>
  </testcase> <!-- Test2 -->
  <testcase classname="TestNGFeatures.Enabled1" name="A" time="0.000">
    <skipped/>
  </testcase> <!-- A -->
  <testcase classname="TestNGFeatures.Enabled1" name="Test3">
    <skipped/>
  </testcase> <!-- Test3 -->
</testsuite> <!-- TestNGFeatures.Enabled1 -->
