<?xml version="1.0" encoding="UTF-8"?>
<!-- Generated by org.testng.reporters.JUnitReportReporter -->
<testsuite hostname="DESKTOP-FOJQS9J" failures="0" tests="1" name="Elearning_project.BookClass" time="0.000" errors="0" timestamp="2023-07-22T11:54:22 IST" skipped="1">
  <testcase classname="Elearning_project.BookClass" name="LoginTest" time="0.000">
    <skipped/>
  </testcase> <!-- LoginTest -->
</testsuite> <!-- Elearning_project.BookClass -->
