<?xml version="1.0" encoding="UTF-8"?>
<!-- Generated by org.testng.reporters.JUnitReportReporter -->
<testsuite hostname="DESKTOP-FOJQS9J" failures="0" tests="6" name="TestNGFeatures.Keyword1" time="0.000" errors="0" timestamp="2023-07-22T11:54:22 IST" skipped="6">
  <testcase classname="TestNGFeatures.Keyword1" name="H" time="0.000">
    <skipped/>
  </testcase> <!-- H -->
  <testcase classname="TestNGFeatures.Keyword1" name="C" time="0.000">
    <skipped/>
  </testcase> <!-- C -->
  <testcase classname="TestNGFeatures.Keyword1" name="A" time="0.000">
    <skipped/>
  </testcase> <!-- A -->
  <testcase classname="TestNGFeatures.Keyword1" name="B" time="0.000">
    <skipped/>
  </testcase> <!-- B -->
  <testcase classname="TestNGFeatures.Keyword1" name="demo2" time="0.000">
    <skipped/>
  </testcase> <!-- demo2 -->
  <testcase classname="TestNGFeatures.Keyword1" name="Z" time="0.000">
    <skipped/>
  </testcase> <!-- Z -->
</testsuite> <!-- TestNGFeatures.Keyword1 -->
