<?xml version="1.0" encoding="UTF-8"?>
<!-- Generated by org.testng.reporters.JUnitReportReporter -->
<testsuite hostname="DESKTOP-FOJQS9J" failures="0" tests="1" name="Elearning_project.Book_Base_POM" time="0.000" errors="0" timestamp="2023-07-22T11:54:22 IST" skipped="1">
  <testcase classname="Elearning_project.Book_Base_POM" name="setup" time="0.000">
    <skipped/>
  </testcase> <!-- setup -->
</testsuite> <!-- Elearning_project.Book_Base_POM -->
