<?xml version="1.0" encoding="UTF-8"?>
<!-- Generated by org.testng.reporters.JUnitReportReporter -->
<testsuite hostname="DESKTOP-FOJQS9J" failures="0" tests="3" name="TestNGFeatures.Demo1" time="0.000" errors="0" timestamp="2023-07-22T11:54:22 IST" skipped="3">
  <testcase classname="TestNGFeatures.Demo1" name="C" time="0.000">
    <skipped/>
  </testcase> <!-- C -->
  <testcase classname="TestNGFeatures.Demo1" name="ABC" time="0.000">
    <skipped/>
  </testcase> <!-- ABC -->
  <testcase classname="TestNGFeatures.Demo1" name="A" time="0.000">
    <skipped/>
  </testcase> <!-- A -->
</testsuite> <!-- TestNGFeatures.Demo1 -->
