<?xml version="1.0" encoding="UTF-8"?>
<!-- Generated by org.testng.reporters.JUnitReportReporter -->
<testsuite hostname="DESKTOP-FOJQS9J" failures="0" tests="1" name="TestNGFeatures.TimeOut" time="0.000" errors="0" timestamp="2023-07-22T11:54:22 IST" skipped="1">
  <testcase classname="TestNGFeatures.TimeOut" name="loigntest" time="0.000">
    <skipped/>
  </testcase> <!-- loigntest -->
</testsuite> <!-- TestNGFeatures.TimeOut -->
