<?xml version="1.0" encoding="UTF-8"?>
<!-- Generated by org.testng.reporters.JUnitReportReporter -->
<testsuite hostname="DESKTOP-FOJQS9J" failures="0" tests="4" name="TestNGFeatures.dependsOnMethod_Exception" time="0.000" errors="0" timestamp="2023-07-22T11:54:22 IST" skipped="4">
  <testcase classname="TestNGFeatures.dependsOnMethod_Exception" name="logintest" time="0.000">
    <skipped/>
  </testcase> <!-- logintest -->
  <testcase classname="TestNGFeatures.dependsOnMethod_Exception" name="HomePage" time="0.000">
    <skipped/>
  </testcase> <!-- HomePage -->
  <testcase classname="TestNGFeatures.dependsOnMethod_Exception" name="RefereshPage" time="0.000">
    <skipped/>
  </testcase> <!-- RefereshPage -->
  <testcase classname="TestNGFeatures.dependsOnMethod_Exception" name="Searchtext" time="0.000">
    <skipped/>
  </testcase> <!-- Searchtext -->
</testsuite> <!-- TestNGFeatures.dependsOnMethod_Exception -->
