<?xml version="1.0" encoding="UTF-8"?>
<!-- Generated by org.testng.reporters.JUnitReportReporter -->
<testsuite hostname="DESKTOP-FOJQS9J" failures="0" tests="3" name="CrossBrowser.CrossBrowser_1" time="0.000" errors="0" timestamp="2023-07-22T11:54:22 IST" skipped="3">
  <testcase classname="CrossBrowser.CrossBrowser_1" name="OpenBrowser3" time="0.000">
    <skipped/>
  </testcase> <!-- OpenBrowser3 -->
  <testcase classname="CrossBrowser.CrossBrowser_1" name="OpenBrowser2" time="0.000">
    <skipped/>
  </testcase> <!-- OpenBrowser2 -->
  <testcase classname="CrossBrowser.CrossBrowser_1" name="OpenBrowser1" time="0.000">
    <skipped/>
  </testcase> <!-- OpenBrowser1 -->
</testsuite> <!-- CrossBrowser.CrossBrowser_1 -->
