<?xml version="1.0" encoding="UTF-8"?>
<!-- Generated by org.testng.reporters.JUnitReportReporter -->
<testsuite hostname="DESKTOP-FOJQS9J" failures="0" tests="2" name="TestNGFeatures.Day3" time="0.000" errors="0" timestamp="2023-07-22T11:54:22 IST" skipped="2">
  <testcase classname="TestNGFeatures.Day3" name="Test4" time="0.000">
    <skipped/>
  </testcase> <!-- Test4 -->
  <testcase classname="TestNGFeatures.Day3" name="Test1" time="0.000">
    <skipped/>
  </testcase> <!-- Test1 -->
</testsuite> <!-- TestNGFeatures.Day3 -->
