<?xml version="1.0" encoding="UTF-8"?>
<!-- Generated by org.testng.reporters.JUnitReportReporter -->
<testsuite hostname="DESKTOP-FOJQS9J" failures="0" tests="4" name="DataProvider.SecondProgram" time="0.000" errors="0" timestamp="2023-07-22T11:54:22 IST" skipped="4">
  <testcase classname="DataProvider.SecondProgram" name="Logintest" time="0.000">
    <skipped/>
  </testcase> <!-- Logintest -->
  <testcase classname="DataProvider.SecondProgram" name="Logintest" time="0.000">
    <skipped/>
  </testcase> <!-- Logintest -->
  <testcase classname="DataProvider.SecondProgram" name="Logintest" time="0.000">
    <skipped/>
  </testcase> <!-- Logintest -->
  <testcase classname="DataProvider.SecondProgram" name="Logintest" time="0.000">
    <skipped/>
  </testcase> <!-- Logintest -->
</testsuite> <!-- DataProvider.SecondProgram -->
